  ConsoleApplication6.cpp
C:\Users\verni\source\repos\ConsoleApplication6\ConsoleApplication6\ConsoleApplication6.cpp(129,20): warning C4018: <: несоответствие типов со знаком и без знака
C:\Users\verni\source\repos\ConsoleApplication6\ConsoleApplication6\ConsoleApplication6.cpp(143,20): warning C4018: <: несоответствие типов со знаком и без знака
C:\Users\verni\source\repos\ConsoleApplication6\ConsoleApplication6\ConsoleApplication6.cpp(157,20): warning C4018: <: несоответствие типов со знаком и без знака
C:\Users\verni\source\repos\ConsoleApplication6\ConsoleApplication6\ConsoleApplication6.cpp(165,22): warning C4018: <: несоответствие типов со знаком и без знака
C:\Users\verni\source\repos\ConsoleApplication6\ConsoleApplication6\ConsoleApplication6.cpp(189,20): warning C4018: <: несоответствие типов со знаком и без знака
C:\Users\verni\source\repos\ConsoleApplication6\ConsoleApplication6\ConsoleApplication6.cpp(192,20): warning C4018: <: несоответствие типов со знаком и без знака
C:\Users\verni\source\repos\ConsoleApplication6\ConsoleApplication6\ConsoleApplication6.cpp(196,20): warning C4018: <: несоответствие типов со знаком и без знака
C:\Users\verni\source\repos\ConsoleApplication6\ConsoleApplication6\ConsoleApplication6.cpp(227,59): warning C4244: =: преобразование "double" в "_Ty2", возможна потеря данных
          with
          [
              _Ty2=int
          ]
C:\Users\verni\source\repos\ConsoleApplication6\ConsoleApplication6\ConsoleApplication6.cpp(228,58): warning C4244: =: преобразование "double" в "_Ty1", возможна потеря данных
          with
          [
              _Ty1=int
          ]
C:\Users\verni\source\repos\ConsoleApplication6\ConsoleApplication6\ConsoleApplication6.cpp(230,59): warning C4244: =: преобразование "double" в "_Ty1", возможна потеря данных
          with
          [
              _Ty1=int
          ]
C:\Users\verni\source\repos\ConsoleApplication6\ConsoleApplication6\ConsoleApplication6.cpp(238,20): warning C4018: <: несоответствие типов со знаком и без знака
C:\Users\verni\source\repos\ConsoleApplication6\ConsoleApplication6\ConsoleApplication6.cpp(246,20): warning C4018: <: несоответствие типов со знаком и без знака
C:\Users\verni\source\repos\ConsoleApplication6\ConsoleApplication6\ConsoleApplication6.cpp(266,20): warning C4018: <: несоответствие типов со знаком и без знака
C:\Users\verni\source\repos\ConsoleApplication6\ConsoleApplication6\ConsoleApplication6.cpp(279,21): warning C4018: <: несоответствие типов со знаком и без знака
C:\Users\verni\source\repos\ConsoleApplication6\ConsoleApplication6\ConsoleApplication6.cpp(301,20): warning C4018: <: несоответствие типов со знаком и без знака
C:\Users\verni\source\repos\ConsoleApplication6\ConsoleApplication6\ConsoleApplication6.cpp(313,20): warning C4018: <: несоответствие типов со знаком и без знака
C:\Users\verni\source\repos\ConsoleApplication6\ConsoleApplication6\ConsoleApplication6.cpp(333,12): warning C4244: аргумент: преобразование "time_t" в "unsigned int", возможна потеря данных
C:\Users\verni\source\repos\ConsoleApplication6\ConsoleApplication6\ConsoleApplication6.cpp(370,20): warning C4018: <: несоответствие типов со знаком и без знака
C:\Users\verni\source\repos\ConsoleApplication6\ConsoleApplication6\ConsoleApplication6.cpp(409,20): warning C4018: <: несоответствие типов со знаком и без знака
C:\Users\verni\source\repos\ConsoleApplication6\ConsoleApplication6\ConsoleApplication6.cpp(415,24): warning C4244: аргумент: преобразование "double" в "const _Ty", возможна потеря данных
          with
          [
              _Ty=float
          ]
C:\Users\verni\source\repos\ConsoleApplication6\ConsoleApplication6\ConsoleApplication6.cpp(451,21): warning C4018: <: несоответствие типов со знаком и без знака
C:\Users\verni\source\repos\ConsoleApplication6\ConsoleApplication6\ConsoleApplication6.cpp(456,22): warning C4244: аргумент: преобразование "double" в "const _Ty", возможна потеря данных
          with
          [
              _Ty=float
          ]
C:\Users\verni\source\repos\ConsoleApplication6\ConsoleApplication6\ConsoleApplication6.cpp(323,9): warning C4101: y: неиспользованная локальная переменная
C:\Users\verni\source\repos\ConsoleApplication6\ConsoleApplication6\ConsoleApplication6.cpp(323,6): warning C4101: x: неиспользованная локальная переменная
C:\Users\verni\source\repos\ConsoleApplication6\ConsoleApplication6\ConsoleApplication6.cpp(331,7): warning C4101: ch: неиспользованная локальная переменная
C:\Users\verni\source\repos\ConsoleApplication6\ConsoleApplication6\ConsoleApplication6.cpp(323,15): warning C4101: n: неиспользованная локальная переменная
C:\Users\verni\source\repos\ConsoleApplication6\ConsoleApplication6\ConsoleApplication6.cpp(323,12): warning C4101: t: неиспользованная локальная переменная
C:\Users\verni\source\repos\ConsoleApplication6\ConsoleApplication6\ConsoleApplication6.cpp(528,20): warning C4018: <: несоответствие типов со знаком и без знака
C:\Users\verni\source\repos\ConsoleApplication6\ConsoleApplication6\ConsoleApplication6.cpp(530,25): warning C4018: <: несоответствие типов со знаком и без знака
C:\Users\verni\source\repos\ConsoleApplication6\ConsoleApplication6\ConsoleApplication6.cpp(564,21): warning C4018: <: несоответствие типов со знаком и без знака
C:\Users\verni\source\repos\ConsoleApplication6\ConsoleApplication6\ConsoleApplication6.cpp(566,87): warning C4244: аргумент: преобразование "_Ty2" в "T", возможна потеря данных
          with
          [
              _Ty2=int
          ]
          and
          [
              T=float
          ]
C:\Users\verni\source\repos\ConsoleApplication6\ConsoleApplication6\ConsoleApplication6.cpp(566,50): warning C4244: аргумент: преобразование "_Ty1" в "T", возможна потеря данных
          with
          [
              _Ty1=int
          ]
          and
          [
              T=float
          ]
C:\Users\verni\source\repos\ConsoleApplication6\ConsoleApplication6\ConsoleApplication6.cpp(567,87): warning C4244: аргумент: преобразование "_Ty2" в "T", возможна потеря данных
          with
          [
              _Ty2=int
          ]
          and
          [
              T=float
          ]
C:\Users\verni\source\repos\ConsoleApplication6\ConsoleApplication6\ConsoleApplication6.cpp(567,50): warning C4244: аргумент: преобразование "_Ty1" в "T", возможна потеря данных
          with
          [
              _Ty1=int
          ]
          and
          [
              T=float
          ]
C:\Users\verni\source\repos\ConsoleApplication6\ConsoleApplication6\ConsoleApplication6.cpp(568,87): warning C4244: аргумент: преобразование "_Ty2" в "T", возможна потеря данных
          with
          [
              _Ty2=int
          ]
          and
          [
              T=float
          ]
C:\Users\verni\source\repos\ConsoleApplication6\ConsoleApplication6\ConsoleApplication6.cpp(568,50): warning C4244: аргумент: преобразование "_Ty1" в "T", возможна потеря данных
          with
          [
              _Ty1=int
          ]
          and
          [
              T=float
          ]
C:\Users\verni\source\repos\ConsoleApplication6\ConsoleApplication6\ConsoleApplication6.cpp(569,87): warning C4244: аргумент: преобразование "_Ty2" в "T", возможна потеря данных
          with
          [
              _Ty2=int
          ]
          and
          [
              T=float
          ]
C:\Users\verni\source\repos\ConsoleApplication6\ConsoleApplication6\ConsoleApplication6.cpp(569,50): warning C4244: аргумент: преобразование "_Ty1" в "T", возможна потеря данных
          with
          [
              _Ty1=int
          ]
          and
          [
              T=float
          ]
C:\Users\verni\source\repos\ConsoleApplication6\ConsoleApplication6\ConsoleApplication6.cpp(584,21): warning C4018: <: несоответствие типов со знаком и без знака
C:\Users\verni\source\repos\ConsoleApplication6\ConsoleApplication6\ConsoleApplication6.cpp(586,88): warning C4244: аргумент: преобразование "_Ty2" в "T", возможна потеря данных
          with
          [
              _Ty2=int
          ]
          and
          [
              T=float
          ]
C:\Users\verni\source\repos\ConsoleApplication6\ConsoleApplication6\ConsoleApplication6.cpp(586,49): warning C4244: аргумент: преобразование "_Ty1" в "T", возможна потеря данных
          with
          [
              _Ty1=int
          ]
          and
          [
              T=float
          ]
C:\Users\verni\source\repos\ConsoleApplication6\ConsoleApplication6\ConsoleApplication6.cpp(587,89): warning C4244: аргумент: преобразование "_Ty2" в "T", возможна потеря данных
          with
          [
              _Ty2=int
          ]
          and
          [
              T=float
          ]
C:\Users\verni\source\repos\ConsoleApplication6\ConsoleApplication6\ConsoleApplication6.cpp(587,49): warning C4244: аргумент: преобразование "_Ty1" в "T", возможна потеря данных
          with
          [
              _Ty1=int
          ]
          and
          [
              T=float
          ]
C:\Users\verni\source\repos\ConsoleApplication6\ConsoleApplication6\ConsoleApplication6.cpp(599,20): warning C4018: <: несоответствие типов со знаком и без знака
C:\Users\verni\source\repos\ConsoleApplication6\ConsoleApplication6\ConsoleApplication6.cpp(605,46): warning C4244: аргумент: преобразование "_Ty2" в "float", возможна потеря данных
          with
          [
              _Ty2=int
          ]
C:\Users\verni\source\repos\ConsoleApplication6\ConsoleApplication6\ConsoleApplication6.cpp(605,20): warning C4244: аргумент: преобразование "_Ty1" в "float", возможна потеря данных
          with
          [
              _Ty1=int
          ]
C:\Users\verni\source\repos\ConsoleApplication6\ConsoleApplication6\ConsoleApplication6.cpp(613,22): warning C4018: <: несоответствие типов со знаком и без знака
C:\Users\verni\source\repos\ConsoleApplication6\ConsoleApplication6\ConsoleApplication6.cpp(630,69): warning C4244: аргумент: преобразование "_Ty2" в "T", возможна потеря данных
          with
          [
              _Ty2=int
          ]
          and
          [
              T=float
          ]
C:\Users\verni\source\repos\ConsoleApplication6\ConsoleApplication6\ConsoleApplication6.cpp(630,44): warning C4244: аргумент: преобразование "_Ty1" в "T", возможна потеря данных
          with
          [
              _Ty1=int
          ]
          and
          [
              T=float
          ]
C:\Users\verni\source\repos\ConsoleApplication6\ConsoleApplication6\ConsoleApplication6.cpp(631,73): warning C4244: аргумент: преобразование "_Ty2" в "T", возможна потеря данных
          with
          [
              _Ty2=int
          ]
          and
          [
              T=float
          ]
C:\Users\verni\source\repos\ConsoleApplication6\ConsoleApplication6\ConsoleApplication6.cpp(631,44): warning C4244: аргумент: преобразование "_Ty1" в "T", возможна потеря данных
          with
          [
              _Ty1=int
          ]
          and
          [
              T=float
          ]
C:\Users\verni\source\repos\ConsoleApplication6\ConsoleApplication6\ConsoleApplication6.cpp(638,83): warning C4244: аргумент: преобразование "_Ty2" в "T", возможна потеря данных
          with
          [
              _Ty2=int
          ]
          and
          [
              T=float
          ]
C:\Users\verni\source\repos\ConsoleApplication6\ConsoleApplication6\ConsoleApplication6.cpp(638,43): warning C4244: аргумент: преобразование "_Ty1" в "T", возможна потеря данных
          with
          [
              _Ty1=int
          ]
          and
          [
              T=float
          ]
C:\Users\verni\source\repos\ConsoleApplication6\ConsoleApplication6\ConsoleApplication6.cpp(639,68): warning C4244: аргумент: преобразование "_Ty2" в "T", возможна потеря данных
          with
          [
              _Ty2=int
          ]
          and
          [
              T=float
          ]
C:\Users\verni\source\repos\ConsoleApplication6\ConsoleApplication6\ConsoleApplication6.cpp(639,43): warning C4244: аргумент: преобразование "_Ty1" в "T", возможна потеря данных
          with
          [
              _Ty1=int
          ]
          and
          [
              T=float
          ]
C:\Users\verni\source\repos\ConsoleApplication6\ConsoleApplication6\ConsoleApplication6.cpp(685,12): warning C4244: аргумент: преобразование "time_t" в "unsigned int", возможна потеря данных
C:\Program Files (x86)\Microsoft Visual Studio\2019\Community\VC\Tools\MSVC\14.28.29910\include\utility(249,16): warning C4244: инициализация: преобразование "_Ty" в "_Ty1", возможна потеря данных
          with
          [
              _Ty=double
          ]
          and
          [
              _Ty1=int
          ]
C:\Program Files (x86)\Microsoft Visual Studio\2019\Community\VC\Tools\MSVC\14.28.29910\include\utility(249): message : выполняется компиляция ссылки на экземпляр шаблон функции "std::pair<int,int>::pair<double,double,0>(std::pair<double,double> &&) noexcept"
C:\Program Files (x86)\Microsoft Visual Studio\2019\Community\VC\Tools\MSVC\14.28.29910\include\utility(249): message : выполняется компиляция ссылки на экземпляр шаблон функции "std::pair<int,int>::pair<double,double,0>(std::pair<double,double> &&) noexcept"
C:\Users\verni\source\repos\ConsoleApplication6\ConsoleApplication6\ConsoleApplication6.cpp(536): message : выполняется компиляция ссылки на экземпляр шаблон функции "std::pair<std::pair<int,int>,std::pair<int,int>>::pair<std::pair<double,double>,std::pair<double,double>,0>(std::pair<std::pair<double,double>,std::pair<double,double>> &&) noexcept"
C:\Users\verni\source\repos\ConsoleApplication6\ConsoleApplication6\ConsoleApplication6.cpp(536): message : выполняется компиляция ссылки на экземпляр шаблон функции "std::pair<std::pair<int,int>,std::pair<int,int>>::pair<std::pair<double,double>,std::pair<double,double>,0>(std::pair<std::pair<double,double>,std::pair<double,double>> &&) noexcept"
C:\Program Files (x86)\Microsoft Visual Studio\2019\Community\VC\Tools\MSVC\14.28.29910\include\utility(249,61): warning C4244: инициализация: преобразование "_Ty" в "_Ty2", возможна потеря данных
          with
          [
              _Ty=double
          ]
          and
          [
              _Ty2=int
          ]
  ConsoleApplication6.vcxproj -> C:\Users\verni\source\repos\ConsoleApplication6\Debug\ConsoleApplication6.exe
